\BOOKMARK [0][-]{chapter*.1}{\376\377\000W\000s\000t\001\031\000p}{}% 1
\BOOKMARK [0][-]{chapter.1}{Matematyczne\040podwaliny\040budowy\040portfela}{}% 2
\BOOKMARK [1][-]{section.1.1}{\376\377\000M\000o\000d\000e\000l\000o\000w\000a\000n\000i\000e\000\040\000c\000i\001\005\000g\001\102\000y\000c\000h\000\040\000p\000r\000o\000c\000e\000s\000\363\000w\000\040\000s\000t\000o\000c\000h\000a\000s\000t\000y\000c\000z\000n\000y\000c\000h\000\040\000w\000\040\000f\000i\000n\000a\000n\000s\000a\000c\000h}{chapter.1}% 3
\BOOKMARK [1][-]{section.1.2}{Modelowanie\040dyskretnych\040proces\363w\040stochastycznych\040w\040finansach}{chapter.1}% 4
\BOOKMARK [1][-]{section.1.3}{\376\377\000S\000z\000t\000u\000c\000z\000n\000e\000\040\000s\000i\000e\000c\000i\000\040\000n\000e\000u\000r\000o\000n\000o\000w\000e\000\040\000o\000r\000a\000z\000\040\000i\000c\000h\000\040\000z\000a\000s\000t\000o\000s\000o\000w\000a\000n\000i\000e\000\040\000w\000\040\000f\000i\000n\000a\000n\000s\000a\000c\000h\000\040\000i\000l\000o\001\133\000c\000i\000o\000w\000y\000c\000h}{chapter.1}% 5
\BOOKMARK [1][-]{section.1.4}{Sterowanie\040stochastyczne}{chapter.1}% 6
\BOOKMARK [1][-]{section.1.5}{\376\377\000A\000r\000b\000i\000t\000r\000a\001\174\000\040\000s\000t\000a\000t\000y\000s\000t\000y\000c\000z\000n\000y}{chapter.1}% 7
\BOOKMARK [1][-]{section.1.6}{Teoria\040optymalizacji\040portfela}{chapter.1}% 8
\BOOKMARK [0][-]{chapter.2}{Empiryczna\040budowa\040portfela}{}% 9
\BOOKMARK [1][-]{section.2.1}{\376\377\000Z\000a\001\102\000o\001\174\000e\000n\000i\000a\000\040\000i\000\040\000s\000t\000r\000a\000t\000e\000g\000i\000a\000\040\000i\000n\000w\000e\000s\000t\000y\000c\000y\000j\000n\000a}{chapter.2}% 10
\BOOKMARK [1][-]{section.2.2}{\376\377\000P\000o\000d\000e\000j\001\133\000c\000i\000e\000\040\000s\000t\000o\000c\000h\000a\000s\000t\000y\000c\000z\000n\000e}{chapter.2}% 11
\BOOKMARK [2][-]{subsection.2.2.1}{Dob\363r\040aktyw\363w\040i\040wag\040portfela}{section.2.2}% 12
\BOOKMARK [2][-]{subsection.2.2.2}{\376\377\000M\000o\000d\000e\000l\000o\000w\000a\000n\000i\000e\000\040\000r\000\363\000w\000n\000a\001\104\000\040\000m\000o\000m\000e\000n\000t\000\363\000w}{section.2.2}% 13
\BOOKMARK [2][-]{subsection.2.2.3}{Analiza\040predykcyjna}{section.2.2}% 14
\BOOKMARK [1][-]{section.2.3}{\376\377\000P\000o\000d\000e\000j\001\133\000c\000i\000e\000\040\000a\000l\000g\000o\000r\000y\000t\000m\000i\000c\000z\000n\000e}{chapter.2}% 15
\BOOKMARK [2][-]{subsection.2.3.1}{Metody\040heurystyczne\040w\040doborze\040portfela}{section.2.3}% 16
\BOOKMARK [2][-]{subsection.2.3.2}{Algorytmy\040ewolucyjne\040w\040optymalizacji\040wag\040aktyw\363w}{section.2.3}% 17
\BOOKMARK [2][-]{subsection.2.3.3}{Zastosowanie\040sieci\040neuronowych\040do\040identyfikacji\040wzorc\363w\040rynkowych}{section.2.3}% 18
\BOOKMARK [2][-]{subsection.2.3.4}{\376\377\000Z\000a\000s\000t\000o\000s\000o\000w\000a\000n\000i\000e\000\040\000a\000n\000a\000l\000i\000z\000y\000\040\000s\000k\000u\000p\000i\000e\001\104\000\040\000d\000o\000\040\000s\000e\000g\000m\000e\000n\000t\000a\000c\000j\000i\000\040\000r\000y\000n\000k\000u}{section.2.3}% 19
\BOOKMARK [2][-]{subsection.2.3.5}{\376\377\000A\000l\000g\000o\000r\000y\000t\000m\000y\000\040\000d\000o\000\040\000o\000c\000e\000n\000y\000\040\000i\000\040\000z\000a\000r\000z\001\005\000d\000z\000a\000n\000i\000a\000\040\000r\000y\000z\000y\000k\000i\000e\000m\000\040\000p\000o\000r\000t\000f\000e\000l\000a}{section.2.3}% 20
\BOOKMARK [2][-]{subsection.2.3.6}{\376\377\000A\000u\000t\000o\000m\000a\000t\000y\000z\000a\000c\000j\000a\000\040\000p\000r\000o\000c\000e\000s\000\363\000w\000\040\000i\000n\000w\000e\000s\000t\000y\000c\000y\000j\000n\000y\000c\000h\000\040\000z\000a\000\040\000p\000o\000m\000o\000c\001\005\000\040\000a\000l\000g\000o\000r\000y\000t\000m\000\363\000w}{section.2.3}% 21
\BOOKMARK [2][-]{subsection.2.3.7}{\376\377\000I\000n\000t\000e\000g\000r\000a\000c\000j\000a\000\040\000z\000e\000w\000n\001\031\000t\000r\000z\000n\000y\000c\000h\000\040\000d\000a\000n\000y\000c\000h\000\040\000d\000o\000\040\000a\000n\000a\000l\000i\000z\000y\000\040\000a\000l\000g\000o\000r\000y\000t\000m\000i\000c\000z\000n\000e\000j}{section.2.3}% 22
\BOOKMARK [2][-]{subsection.2.3.8}{Backtesting\040i\040walidacja\040strategii\040algorytmicznych}{section.2.3}% 23
\BOOKMARK [0][-]{chapter.3}{Wyniki\040oraz\040podsumowanie}{}% 24
\BOOKMARK [1][-]{section.3.1}{Wynik\040finansowy\040portfeli}{chapter.3}% 25
\BOOKMARK [1][-]{section.3.2}{\376\377\000O\000d\000p\000o\000r\000n\000o\001\133\001\007\000\040\000s\000y\000s\000t\000e\000m\000\363\000w\000\040\000w\000\040\000c\000z\000a\000s\000i\000e}{chapter.3}% 26
\BOOKMARK [1][-]{section.3.3}{Podsumowanie}{chapter.3}% 27
\BOOKMARK [0][-]{section*.6}{Spis\040tabel}{}% 28
\BOOKMARK [0][-]{section*.7}{Spis\040rysunk\363w}{}% 29
\BOOKMARK [0][-]{section*.8}{\376\377\000S\000p\000i\000s\000\040\000k\000o\000d\000\363\000w\000\040\001\172\000r\000\363\000d\001\102\000o\000w\000y\000c\000h}{}% 30
